mode: set
github.com/lupinthe14th/leetcode/explore/other/card/30-day-leetcoding-challenge/528/week-2/contiguousarray/solution.go:4.36,8.33 3 1
github.com/lupinthe14th/leetcode/explore/other/card/30-day-leetcoding-challenge/528/week-2/contiguousarray/solution.go:23.2,23.10 1 1
github.com/lupinthe14th/leetcode/explore/other/card/30-day-leetcoding-challenge/528/week-2/contiguousarray/solution.go:8.33,9.19 1 1
github.com/lupinthe14th/leetcode/explore/other/card/30-day-leetcoding-challenge/528/week-2/contiguousarray/solution.go:15.3,15.13 1 1
github.com/lupinthe14th/leetcode/explore/other/card/30-day-leetcoding-challenge/528/week-2/contiguousarray/solution.go:9.19,11.4 1 1
github.com/lupinthe14th/leetcode/explore/other/card/30-day-leetcoding-challenge/528/week-2/contiguousarray/solution.go:11.9,13.4 1 1
github.com/lupinthe14th/leetcode/explore/other/card/30-day-leetcoding-challenge/528/week-2/contiguousarray/solution.go:15.13,17.4 1 1
github.com/lupinthe14th/leetcode/explore/other/card/30-day-leetcoding-challenge/528/week-2/contiguousarray/solution.go:17.9,17.32 1 1
github.com/lupinthe14th/leetcode/explore/other/card/30-day-leetcoding-challenge/528/week-2/contiguousarray/solution.go:17.32,19.4 1 1
github.com/lupinthe14th/leetcode/explore/other/card/30-day-leetcoding-challenge/528/week-2/contiguousarray/solution.go:19.9,21.4 1 1
github.com/lupinthe14th/leetcode/explore/other/card/30-day-leetcoding-challenge/528/week-2/contiguousarray/solution.go:26.24,27.11 1 1
github.com/lupinthe14th/leetcode/explore/other/card/30-day-leetcoding-challenge/528/week-2/contiguousarray/solution.go:30.2,30.10 1 1
github.com/lupinthe14th/leetcode/explore/other/card/30-day-leetcoding-challenge/528/week-2/contiguousarray/solution.go:27.11,29.3 1 1
